# JRE version: Java(TM) SE Runtime Environment (8.0_231-b11) (build 1.8.0_231-b11)
# Java VM: Java HotSpot(TM) 64-Bit Server VM (25.231-b11 mixed mode windows-amd64 compressed oops)
Heap:
 def new generation   total 19648K, used 7719K [0x00000000fc000000, 0x00000000fd550000, 0x00000000fd550000)
  eden space 17472K,  44% used [0x00000000fc000000, 0x00000000fc789e68, 0x00000000fd110000)
  from space 2176K,   0% used [0x00000000fd330000, 0x00000000fd330000, 0x00000000fd550000)
  to   space 2176K,   0% used [0x00000000fd110000, 0x00000000fd110000, 0x00000000fd330000)
 tenured generation   total 43712K, used 36858K [0x00000000fd550000, 0x0000000100000000, 0x0000000100000000)
   the space 43712K,  84% used [0x00000000fd550000, 0x00000000ff94e9a0, 0x00000000ff94ea00, 0x0000000100000000)
 Metaspace       used 65132K, capacity 65796K, committed 66432K, reserved 1107968K
  class space    used 8569K, capacity 8750K, committed 8832K, reserved 1048576K
GC Heap History (10 events):
Event: 17.958 GC heap before
{Heap before GC invocations=86 (full 5):
 def new generation   total 19648K, used 19647K [0x00000000fc000000, 0x00000000fd550000, 0x00000000fd550000)
  eden space 17472K, 100% used [0x00000000fc000000, 0x00000000fd110000, 0x00000000fd110000)
  from space 2176K,  99% used [0x00000000fd330000, 0x00000000fd54ffb0, 0x00000000fd550000)
  to   space 2176K,   0% used [0x00000000fd110000, 0x00000000fd110000, 0x00000000fd330000)
 tenured generation   total 43712K, used 43711K [0x00000000fd550000, 0x0000000100000000, 0x0000000100000000)
   the space 43712K,  99% used [0x00000000fd550000, 0x00000000ffffffa0, 0x0000000100000000, 0x0000000100000000)
 Metaspace       used 60253K, capacity 60838K, committed 61440K, reserved 1101824K
  class space    used 7912K, capacity 8093K, committed 8192K, reserved 1048576K
Event: 18.137 GC heap after
Heap after GC invocations=87 (full 6):
 def new generation   total 19648K, used 2746K [0x00000000fc000000, 0x00000000fd550000, 0x00000000fd550000)
  eden space 17472K,  15% used [0x00000000fc000000, 0x00000000fc2aebf8, 0x00000000fd110000)
  from space 2176K,   0% used [0x00000000fd330000, 0x00000000fd330000, 0x00000000fd550000)
  to   space 2176K,   0% used [0x00000000fd110000, 0x00000000fd110000, 0x00000000fd330000)
 tenured generation   total 43712K, used 43711K [0x00000000fd550000, 0x0000000100000000, 0x0000000100000000)
   the space 43712K,  99% used [0x00000000fd550000, 0x00000000ffffffa0, 0x0000000100000000, 0x0000000100000000)
 Metaspace       used 60253K, capacity 60838K, committed 61440K, reserved 1101824K
  class space    used 7912K, capacity 8093K, committed 8192K, reserved 1048576K
}
Event: 18.289 GC heap before
{Heap before GC invocations=87 (full 6):
 def new generation   total 19648K, used 19647K [0x00000000fc000000, 0x00000000fd550000, 0x00000000fd550000)
  eden space 17472K, 100% used [0x00000000fc000000, 0x00000000fd110000, 0x00000000fd110000)
  from space 2176K,  99% used [0x00000000fd330000, 0x00000000fd54ffb0, 0x00000000fd550000)
  to   space 2176K,   0% used [0x00000000fd110000, 0x00000000fd110000, 0x00000000fd330000)
 tenured generation   total 43712K, used 43711K [0x00000000fd550000, 0x0000000100000000, 0x0000000100000000)
   the space 43712K,  99% used [0x00000000fd550000, 0x00000000ffffffa0, 0x0000000100000000, 0x0000000100000000)
 Metaspace       used 60768K, capacity 61432K, committed 61952K, reserved 1103872K
  class space    used 7988K, capacity 8160K, committed 8192K, reserved 1048576K
Event: 18.429 GC heap after
Heap after GC invocations=88 (full 7):
 def new generation   total 19648K, used 2741K [0x00000000fc000000, 0x00000000fd550000, 0x00000000fd550000)
  eden space 17472K,  15% used [0x00000000fc000000, 0x00000000fc2ad4c8, 0x00000000fd110000)
  from space 2176K,   0% used [0x00000000fd330000, 0x00000000fd330000, 0x00000000fd550000)
  to   space 2176K,   0% used [0x00000000fd110000, 0x00000000fd110000, 0x00000000fd330000)
 tenured generation   total 43712K, used 43711K [0x00000000fd550000, 0x0000000100000000, 0x0000000100000000)
   the space 43712K,  99% used [0x00000000fd550000, 0x00000000ffffffa0, 0x0000000100000000, 0x0000000100000000)
 Metaspace       used 60768K, capacity 61432K, committed 61952K, reserved 1103872K
  class space    used 7988K, capacity 8160K, committed 8192K, reserved 1048576K
}
Event: 18.751 GC heap before
{Heap before GC invocations=88 (full 7):
 def new generation   total 19648K, used 19647K [0x00000000fc000000, 0x00000000fd550000, 0x00000000fd550000)
  eden space 17472K, 100% used [0x00000000fc000000, 0x00000000fd110000, 0x00000000fd110000)
  from space 2176K,  99% used [0x00000000fd330000, 0x00000000fd54fff8, 0x00000000fd550000)
  to   space 2176K,   0% used [0x00000000fd110000, 0x00000000fd110000, 0x00000000fd330000)
 tenured generation   total 43712K, used 43711K [0x00000000fd550000, 0x0000000100000000, 0x0000000100000000)
   the space 43712K,  99% used [0x00000000fd550000, 0x00000000ffffffa0, 0x0000000100000000, 0x0000000100000000)
 Metaspace       used 61918K, capacity 62494K, committed 63232K, reserved 1103872K
  class space    used 8165K, capacity 8321K, committed 8448K, reserved 1048576K
Event: 18.909 GC heap after
Heap after GC invocations=89 (full 8):
 def new generation   total 19648K, used 1927K [0x00000000fc000000, 0x00000000fd550000, 0x00000000fd550000)
  eden space 17472K,  11% used [0x00000000fc000000, 0x00000000fc1e1c08, 0x00000000fd110000)
  from space 2176K,   0% used [0x00000000fd330000, 0x00000000fd330000, 0x00000000fd550000)
  to   space 2176K,   0% used [0x00000000fd110000, 0x00000000fd110000, 0x00000000fd330000)
 tenured generation   total 43712K, used 43711K [0x00000000fd550000, 0x0000000100000000, 0x0000000100000000)
   the space 43712K,  99% used [0x00000000fd550000, 0x00000000fffffff0, 0x0000000100000000, 0x0000000100000000)
 Metaspace       used 61918K, capacity 62494K, committed 63232K, reserved 1103872K
  class space    used 8165K, capacity 8321K, committed 8448K, reserved 1048576K
}
Event: 21.289 GC heap before
{Heap before GC invocations=89 (full 8):
 def new generation   total 19648K, used 19648K [0x00000000fc000000, 0x00000000fd550000, 0x00000000fd550000)
  eden space 17472K, 100% used [0x00000000fc000000, 0x00000000fd110000, 0x00000000fd110000)
  from space 2176K, 100% used [0x00000000fd330000, 0x00000000fd550000, 0x00000000fd550000)
  to   space 2176K,   0% used [0x00000000fd110000, 0x00000000fd110000, 0x00000000fd330000)
 tenured generation   total 43712K, used 43711K [0x00000000fd550000, 0x0000000100000000, 0x0000000100000000)
   the space 43712K,  99% used [0x00000000fd550000, 0x00000000fffffff0, 0x0000000100000000, 0x0000000100000000)
 Metaspace       used 62995K, capacity 63624K, committed 64128K, reserved 1105920K
  class space    used 8299K, capacity 8456K, committed 8576K, reserved 1048576K
Event: 21.564 GC heap after
Heap after GC invocations=90 (full 9):
 def new generation   total 19648K, used 1271K [0x00000000fc000000, 0x00000000fd550000, 0x00000000fd550000)
  eden space 17472K,   7% used [0x00000000fc000000, 0x00000000fc13dc10, 0x00000000fd110000)
  from space 2176K,   0% used [0x00000000fd330000, 0x00000000fd330000, 0x00000000fd550000)
  to   space 2176K,   0% used [0x00000000fd110000, 0x00000000fd110000, 0x00000000fd330000)
 tenured generation   total 43712K, used 43706K [0x00000000fd550000, 0x0000000100000000, 0x0000000100000000)
   the space 43712K,  99% used [0x00000000fd550000, 0x00000000ffffebe8, 0x00000000ffffec00, 0x0000000100000000)
 Metaspace       used 62995K, capacity 63624K, committed 64128K, reserved 1105920K
  class space    used 8299K, capacity 8456K, committed 8576K, reserved 1048576K
}
Event: 262.149 GC heap before
{Heap before GC invocations=90 (full 9):
 def new generation   total 19648K, used 19645K [0x00000000fc000000, 0x00000000fd550000, 0x00000000fd550000)
  eden space 17472K, 100% used [0x00000000fc000000, 0x00000000fd110000, 0x00000000fd110000)
  from space 2176K,  99% used [0x00000000fd330000, 0x00000000fd54f5c0, 0x00000000fd550000)
  to   space 2176K,   0% used [0x00000000fd110000, 0x00000000fd110000, 0x00000000fd330000)
 tenured generation   total 43712K, used 43711K [0x00000000fd550000, 0x0000000100000000, 0x0000000100000000)
   the space 43712K,  99% used [0x00000000fd550000, 0x00000000fffffd60, 0x00000000fffffe00, 0x0000000100000000)
 Metaspace       used 64507K, capacity 65188K, committed 65792K, reserved 1105920K
  class space    used 8481K, capacity 8654K, committed 8704K, reserved 1048576K
Event: 262.285 GC heap after
Heap after GC invocations=91 (full 10):
 def new generation   total 19648K, used 0K [0x00000000fc000000, 0x00000000fd550000, 0x00000000fd550000)
  eden space 17472K,   0% used [0x00000000fc000000, 0x00000000fc000000, 0x00000000fd110000)
  from space 2176K,   0% used [0x00000000fd330000, 0x00000000fd330000, 0x00000000fd550000)
  to   space 2176K,   0% used [0x00000000fd110000, 0x00000000fd110000, 0x00000000fd330000)
 tenured generation   total 43712K, used 36858K [0x00000000fd550000, 0x0000000100000000, 0x0000000100000000)
   the space 43712K,  84% used [0x00000000fd550000, 0x00000000ff94e9a0, 0x00000000ff94ea00, 0x0000000100000000)
 Metaspace       used 64507K, capacity 65188K, committed 65792K, reserved 1105920K
  class space    used 8481K, capacity 8654K, committed 8704K, reserved 1048576K
}

