# JRE version: Java(TM) SE Runtime Environment (8.0_231-b11) (build 1.8.0_231-b11)
# Java VM: Java HotSpot(TM) 64-Bit Server VM (25.231-b11 mixed mode windows-amd64 compressed oops)
Heap:
 PSYoungGen      total 250880K, used 2410K [0x00000000d5d00000, 0x00000000eac00000, 0x0000000100000000)
  eden space 234496K, 0% used [0x00000000d5d00000,0x00000000d5d00000,0x00000000e4200000)
  from space 16384K, 14% used [0x00000000e9c00000,0x00000000e9e5a948,0x00000000eac00000)
  to   space 14848K, 0% used [0x00000000e4200000,0x00000000e4200000,0x00000000e5080000)
 ParOldGen       total 92672K, used 31648K [0x0000000081600000, 0x0000000087080000, 0x00000000d5d00000)
  object space 92672K, 34% used [0x0000000081600000,0x00000000834e8368,0x0000000087080000)
 Metaspace       used 44510K, capacity 44952K, committed 45312K, reserved 1093632K
  class space    used 5745K, capacity 5883K, committed 5888K, reserved 1048576K
GC Heap History (10 events):
Event: 8.022 GC heap after
Heap after GC invocations=10 (full 1):
 PSYoungGen      total 186368K, used 11774K [0x00000000d5d00000, 0x00000000e5e80000, 0x0000000100000000)
  eden space 174592K, 0% used [0x00000000d5d00000,0x00000000d5d00000,0x00000000e0780000)
  from space 11776K, 99% used [0x00000000e0780000,0x00000000e12ff868,0x00000000e1300000)
  to   space 14336K, 0% used [0x00000000e5080000,0x00000000e5080000,0x00000000e5e80000)
 ParOldGen       total 58368K, used 14101K [0x0000000081600000, 0x0000000084f00000, 0x00000000d5d00000)
  object space 58368K, 24% used [0x0000000081600000,0x00000000823c5720,0x0000000084f00000)
 Metaspace       used 31405K, capacity 31750K, committed 32000K, reserved 1077248K
  class space    used 3951K, capacity 4040K, committed 4096K, reserved 1048576K
}
Event: 9.774 GC heap before
{Heap before GC invocations=11 (full 1):
 PSYoungGen      total 186368K, used 156317K [0x00000000d5d00000, 0x00000000e5e80000, 0x0000000100000000)
  eden space 174592K, 82% used [0x00000000d5d00000,0x00000000dea27d98,0x00000000e0780000)
  from space 11776K, 99% used [0x00000000e0780000,0x00000000e12ff868,0x00000000e1300000)
  to   space 14336K, 0% used [0x00000000e5080000,0x00000000e5080000,0x00000000e5e80000)
 ParOldGen       total 58368K, used 14101K [0x0000000081600000, 0x0000000084f00000, 0x00000000d5d00000)
  object space 58368K, 24% used [0x0000000081600000,0x00000000823c5720,0x0000000084f00000)
 Metaspace       used 34800K, capacity 35166K, committed 35496K, reserved 1081344K
  class space    used 4441K, capacity 4556K, committed 4608K, reserved 1048576K
Event: 9.827 GC heap after
Heap after GC invocations=11 (full 1):
 PSYoungGen      total 248832K, used 10962K [0x00000000d5d00000, 0x00000000e6180000, 0x0000000100000000)
  eden space 234496K, 0% used [0x00000000d5d00000,0x00000000d5d00000,0x00000000e4200000)
  from space 14336K, 76% used [0x00000000e5080000,0x00000000e5b34970,0x00000000e5e80000)
  to   space 14848K, 0% used [0x00000000e4200000,0x00000000e4200000,0x00000000e5080000)
 ParOldGen       total 58368K, used 17106K [0x0000000081600000, 0x0000000084f00000, 0x00000000d5d00000)
  object space 58368K, 29% used [0x0000000081600000,0x00000000826b4850,0x0000000084f00000)
 Metaspace       used 34800K, capacity 35166K, committed 35496K, reserved 1081344K
  class space    used 4441K, capacity 4556K, committed 4608K, reserved 1048576K
}
Event: 9.827 GC heap before
{Heap before GC invocations=12 (full 2):
 PSYoungGen      total 248832K, used 10962K [0x00000000d5d00000, 0x00000000e6180000, 0x0000000100000000)
  eden space 234496K, 0% used [0x00000000d5d00000,0x00000000d5d00000,0x00000000e4200000)
  from space 14336K, 76% used [0x00000000e5080000,0x00000000e5b34970,0x00000000e5e80000)
  to   space 14848K, 0% used [0x00000000e4200000,0x00000000e4200000,0x00000000e5080000)
 ParOldGen       total 58368K, used 17106K [0x0000000081600000, 0x0000000084f00000, 0x00000000d5d00000)
  object space 58368K, 29% used [0x0000000081600000,0x00000000826b4850,0x0000000084f00000)
 Metaspace       used 34800K, capacity 35166K, committed 35496K, reserved 1081344K
  class space    used 4441K, capacity 4556K, committed 4608K, reserved 1048576K
Event: 9.963 GC heap after
Heap after GC invocations=12 (full 2):
 PSYoungGen      total 248832K, used 0K [0x00000000d5d00000, 0x00000000e6180000, 0x0000000100000000)
  eden space 234496K, 0% used [0x00000000d5d00000,0x00000000d5d00000,0x00000000e4200000)
  from space 14336K, 0% used [0x00000000e5080000,0x00000000e5080000,0x00000000e5e80000)
  to   space 14848K, 0% used [0x00000000e4200000,0x00000000e4200000,0x00000000e5080000)
 ParOldGen       total 92672K, used 24236K [0x0000000081600000, 0x0000000087080000, 0x00000000d5d00000)
  object space 92672K, 26% used [0x0000000081600000,0x0000000082dab198,0x0000000087080000)
 Metaspace       used 34800K, capacity 35166K, committed 35496K, reserved 1081344K
  class space    used 4441K, capacity 4556K, committed 4608K, reserved 1048576K
}
Event: 12.237 GC heap before
{Heap before GC invocations=13 (full 2):
 PSYoungGen      total 248832K, used 234496K [0x00000000d5d00000, 0x00000000e6180000, 0x0000000100000000)
  eden space 234496K, 100% used [0x00000000d5d00000,0x00000000e4200000,0x00000000e4200000)
  from space 14336K, 0% used [0x00000000e5080000,0x00000000e5080000,0x00000000e5e80000)
  to   space 14848K, 0% used [0x00000000e4200000,0x00000000e4200000,0x00000000e5080000)
 ParOldGen       total 92672K, used 24236K [0x0000000081600000, 0x0000000087080000, 0x00000000d5d00000)
  object space 92672K, 26% used [0x0000000081600000,0x0000000082dab198,0x0000000087080000)
 Metaspace       used 43432K, capacity 43884K, committed 44416K, reserved 1087488K
  class space    used 5599K, capacity 5721K, committed 5760K, reserved 1048576K
Event: 12.266 GC heap after
Heap after GC invocations=13 (full 2):
 PSYoungGen      total 249344K, used 13637K [0x00000000d5d00000, 0x00000000eac00000, 0x0000000100000000)
  eden space 234496K, 0% used [0x00000000d5d00000,0x00000000d5d00000,0x00000000e4200000)
  from space 14848K, 91% used [0x00000000e4200000,0x00000000e4f51740,0x00000000e5080000)
  to   space 16384K, 0% used [0x00000000e9c00000,0x00000000e9c00000,0x00000000eac00000)
 ParOldGen       total 92672K, used 24244K [0x0000000081600000, 0x0000000087080000, 0x00000000d5d00000)
  object space 92672K, 26% used [0x0000000081600000,0x0000000082dad198,0x0000000087080000)
 Metaspace       used 43432K, capacity 43884K, committed 44416K, reserved 1087488K
  class space    used 5599K, capacity 5721K, committed 5760K, reserved 1048576K
}
Event: 12.858 GC heap before
{Heap before GC invocations=14 (full 2):
 PSYoungGen      total 249344K, used 59976K [0x00000000d5d00000, 0x00000000eac00000, 0x0000000100000000)
  eden space 234496K, 19% used [0x00000000d5d00000,0x00000000d8a409d8,0x00000000e4200000)
  from space 14848K, 91% used [0x00000000e4200000,0x00000000e4f51740,0x00000000e5080000)
  to   space 16384K, 0% used [0x00000000e9c00000,0x00000000e9c00000,0x00000000eac00000)
 ParOldGen       total 92672K, used 24244K [0x0000000081600000, 0x0000000087080000, 0x00000000d5d00000)
  object space 92672K, 26% used [0x0000000081600000,0x0000000082dad198,0x0000000087080000)
 Metaspace       used 44510K, capacity 44952K, committed 45312K, reserved 1093632K
  class space    used 5745K, capacity 5883K, committed 5888K, reserved 1048576K
Event: 12.899 GC heap after
Heap after GC invocations=14 (full 2):
 PSYoungGen      total 250880K, used 2410K [0x00000000d5d00000, 0x00000000eac00000, 0x0000000100000000)
  eden space 234496K, 0% used [0x00000000d5d00000,0x00000000d5d00000,0x00000000e4200000)
  from space 16384K, 14% used [0x00000000e9c00000,0x00000000e9e5a948,0x00000000eac00000)
  to   space 14848K, 0% used [0x00000000e4200000,0x00000000e4200000,0x00000000e5080000)
 ParOldGen       total 92672K, used 31648K [0x0000000081600000, 0x0000000087080000, 0x00000000d5d00000)
  object space 92672K, 34% used [0x0000000081600000,0x00000000834e8368,0x0000000087080000)
 Metaspace       used 44510K, capacity 44952K, committed 45312K, reserved 1093632K
  class space    used 5745K, capacity 5883K, committed 5888K, reserved 1048576K
}
Event: 12.899 GC heap before
{Heap before GC invocations=15 (full 3):
 PSYoungGen      total 250880K, used 2410K [0x00000000d5d00000, 0x00000000eac00000, 0x0000000100000000)
  eden space 234496K, 0% used [0x00000000d5d00000,0x00000000d5d00000,0x00000000e4200000)
  from space 16384K, 14% used [0x00000000e9c00000,0x00000000e9e5a948,0x00000000eac00000)
  to   space 14848K, 0% used [0x00000000e4200000,0x00000000e4200000,0x00000000e5080000)
 ParOldGen       total 92672K, used 31648K [0x0000000081600000, 0x0000000087080000, 0x00000000d5d00000)
  object space 92672K, 34% used [0x0000000081600000,0x00000000834e8368,0x0000000087080000)
 Metaspace       used 44510K, capacity 44952K, committed 45312K, reserved 1093632K
  class space    used 5745K, capacity 5883K, committed 5888K, reserved 1048576K

